<?xml version="1.0" encoding="UTF-8"?>
<!-- Generated by org.testng.reporters.JUnitReportReporter -->
<testsuite hostname="DESKTOP-KN0OTFM" failures="0" tests="4" name="apiTestCases.UserTest" time="8.618" errors="0" timestamp="2024-03-04T18:22:40 IST" skipped="0">
  <testcase classname="apiTestCases.UserTest" name="testCreateUser" time="2.943"/>
  <system-out/>
  <testcase classname="apiTestCases.UserTest" name="testGetUserData" time="1.474"/>
  <system-out/>
  <testcase classname="apiTestCases.UserTest" name="testUpdateUser" time="2.785"/>
  <system-out/>
  <testcase classname="apiTestCases.UserTest" name="testDeleteUser" time="1.416"/>
  <system-out/>
</testsuite> <!-- apiTestCases.UserTest -->
